<?xml version="1.0" encoding="UTF-8"?>
<testng-results ignored="0" total="1" passed="1" failed="0" skipped="0">
  <reporter-output>
  </reporter-output>
  <suite started-at="2022-11-14T17:23:39 IST" name="Default suite" finished-at="2022-11-14T17:23:57 IST" duration-ms="18919">
    <groups>
    </groups>
    <test started-at="2022-11-14T17:23:39 IST" name="Default test" finished-at="2022-11-14T17:23:57 IST" duration-ms="18919">
      <class name="module1_LoginTest.upstoxexapmle_POM_DDF_TestNg">
        <test-method is-config="true" signature="browseropen()[pri:0, instance:module1_LoginTest.upstoxexapmle_POM_DDF_TestNg@3c19aaa5]" started-at="2022-11-14T17:23:39 IST" name="browseropen" finished-at="2022-11-14T17:23:49 IST" duration-ms="10261" status="PASS">
          <reporter-output>
          </reporter-output>
        </test-method> <!-- browseropen -->
        <test-method is-config="true" signature="logintoapp()[pri:0, instance:module1_LoginTest.upstoxexapmle_POM_DDF_TestNg@3c19aaa5]" started-at="2022-11-14T17:23:49 IST" name="logintoapp" finished-at="2022-11-14T17:23:57 IST" duration-ms="8287" status="PASS">
          <reporter-output>
          </reporter-output>
        </test-method> <!-- logintoapp -->
        <test-method signature="verifyUN()[pri:0, instance:module1_LoginTest.upstoxexapmle_POM_DDF_TestNg@3c19aaa5]" started-at="2022-11-14T17:23:57 IST" name="verifyUN" finished-at="2022-11-14T17:23:57 IST" duration-ms="224" status="PASS">
          <reporter-output>
          </reporter-output>
        </test-method> <!-- verifyUN -->
        <test-method is-config="true" signature="logouttoapp(org.testng.ITestResult)[pri:0, instance:module1_LoginTest.upstoxexapmle_POM_DDF_TestNg@3c19aaa5]" started-at="2022-11-14T17:23:57 IST" name="logouttoapp" finished-at="2022-11-14T17:23:57 IST" duration-ms="0" status="PASS">
          <params>
            <param index="0">
              <value>
                <![CDATA[[TestResult name=verifyUN status=SUCCESS method=upstoxexapmle_POM_DDF_TestNg.verifyUN()[pri:0, instance:module1_LoginTest.upstoxexapmle_POM_DDF_TestNg@3c19aaa5] output={null}]]]>
              </value>
            </param>
          </params>
          <reporter-output>
          </reporter-output>
        </test-method> <!-- logouttoapp -->
        <test-method is-config="true" signature="browserclose()[pri:0, instance:module1_LoginTest.upstoxexapmle_POM_DDF_TestNg@3c19aaa5]" started-at="2022-11-14T17:23:57 IST" name="browserclose" finished-at="2022-11-14T17:23:57 IST" duration-ms="0" status="PASS">
          <reporter-output>
          </reporter-output>
        </test-method> <!-- browserclose -->
      </class> <!-- module1_LoginTest.upstoxexapmle_POM_DDF_TestNg -->
    </test> <!-- Default test -->
  </suite> <!-- Default suite -->
</testng-results>
